<?xml version="1.0" encoding="UTF-8"?>
<!-- Generated by org.testng.reporters.JUnitXMLReporter -->
<testsuite ignored="0" hostname="Sailajas-MacBook-Air.local" failures="0" tests="6" name="Default test" time="0.078" errors="0" timestamp="2021-04-04T17:08:17 EDT">
  <testcase classname="TrainingTests.TestNGDemo1" name="zoo" time="0.005"/>
  <testcase classname="TrainingTests.TestNGDemo1" name="testMethod2" time="0.002"/>
  <testcase classname="TrainingTests.TestNGDemo1" name="testMethod3" time="0.001"/>
  <testcase classname="TrainingTests.TestNGDemo1" name="testMethod4" time="0.002"/>
  <testcase classname="TrainingTests.TestNGDemo1" name="test1" time="0.0"/>
  <testcase classname="TrainingTests.TestNGDemo1" name="test2" time="0.005"/>
</testsuite> <!-- Default test -->
